2025-07-02 18:46:01,940 INFO: 收到故事生成请求: age=6, theme=勇敢, requirements=, length=500 [in E:\pycode\kids_story\backend\app3.py:464]
2025-07-02 18:46:16,806 INFO: 故事生成成功，共21个句子 [in E:\pycode\kids_story\backend\app3.py:488]
2025-07-02 18:46:31,133 INFO: 收到故事生成请求: age=6, theme=勇敢, requirements=小狗, length=500 [in E:\pycode\kids_story\backend\app3.py:464]
2025-07-02 18:46:43,487 INFO: 故事生成成功，共13个句子 [in E:\pycode\kids_story\backend\app3.py:488]
2025-07-02 18:47:30,485 INFO: 收到故事生成请求: age=6, theme=勇敢, requirements=小狗, length=1000 [in E:\pycode\kids_story\backend\app3.py:464]
2025-07-02 18:47:51,529 INFO: 故事生成成功，共26个句子 [in E:\pycode\kids_story\backend\app3.py:488]
2025-07-04 13:14:04,210 INFO: 收到故事生成请求: age=6, theme=勇敢, requirements=, length=500 [in E:\pycode\kids_story\backend\app3.py:471]
2025-07-04 13:14:15,491 INFO: 故事生成成功，共12个句子 [in E:\pycode\kids_story\backend\app3.py:495]
2025-07-04 13:20:14,589 INFO: 收到故事生成请求: age=6, theme=勇敢, requirements=, length=500 [in E:\pycode\kids_story\backend\app3.py:471]
2025-07-04 13:20:14,599 INFO: 开始调用故事生成API... [in E:\pycode\kids_story\backend\app3.py:483]
2025-07-04 13:20:30,369 INFO: 故事生成API调用完成，响应类型: <class 'str'> [in E:\pycode\kids_story\backend\app3.py:491]
2025-07-04 13:20:30,369 INFO: 故事生成成功，共20个句子 [in E:\pycode\kids_story\backend\app3.py:496]
2025-07-04 13:20:31,522 INFO: 发送结束信号 [in E:\pycode\kids_story\backend\app3.py:507]
2025-07-04 13:24:31,214 INFO: 收到故事生成请求: age=6, theme=勇敢, requirements=, length=500 [in E:\pycode\kids_story\backend\app3.py:471]
2025-07-04 13:24:31,214 INFO: 开始调用故事生成API... [in E:\pycode\kids_story\backend\app3.py:483]
2025-07-04 13:24:41,943 INFO: 故事生成API调用完成，响应类型: <class 'str'> [in E:\pycode\kids_story\backend\app3.py:491]
2025-07-04 13:24:41,944 INFO: 故事生成成功，共20个句子 [in E:\pycode\kids_story\backend\app3.py:496]
2025-07-04 13:24:42,526 INFO: 发送结束信号 [in E:\pycode\kids_story\backend\app3.py:511]
2025-07-04 13:27:01,628 INFO: 收到故事生成请求: age=6, theme=友谊, requirements=, length=500 [in E:\pycode\kids_story\backend\app3.py:471]
2025-07-04 13:27:01,629 INFO: 开始调用故事生成API... [in E:\pycode\kids_story\backend\app3.py:483]
2025-07-04 13:27:12,361 INFO: 故事生成API调用完成，响应类型: <class 'str'> [in E:\pycode\kids_story\backend\app3.py:491]
2025-07-04 13:27:12,361 INFO: 故事生成成功，共14个句子 [in E:\pycode\kids_story\backend\app3.py:496]
2025-07-04 13:39:20,207 INFO: 收到故事生成请求: age=6, theme=勇敢, requirements=, length=500 [in E:\pycode\kids_story\backend\app3.py:511]
2025-07-04 13:39:20,208 INFO: 开始调用故事生成API... [in E:\pycode\kids_story\backend\app3.py:523]
2025-07-04 13:39:31,500 INFO: 故事生成API调用完成，响应类型: <class 'str'> [in E:\pycode\kids_story\backend\app3.py:531]
2025-07-04 13:39:31,502 INFO: 故事生成成功，共19个句子 [in E:\pycode\kids_story\backend\app3.py:536]
